{"E:\\Code\\InterviewPrep\\video-dashboard\\src\\components\\Header\\Header.jsx": {"path":"E:\\Code\\InterviewPrep\\video-dashboard\\src\\components\\Header\\Header.jsx","statementMap":{"0":{"start":{"line":4,"column":24},"end":{"line":12,"column":1}},"1":{"start":{"line":14,"column":15},"end":{"line":20,"column":1}},"2":{"start":{"line":15,"column":2},"end":{"line":19,"column":4}}},"fnMap":{"0":{"name":"(anonymous_0)","decl":{"start":{"line":14,"column":15},"end":{"line":14,"column":16}},"loc":{"start":{"line":14,"column":21},"end":{"line":20,"column":1}},"line":14}},"branchMap":{},"s":{"0":2,"1":2,"2":5},"f":{"0":5},"b":{},"_coverageSchema":"1a1c01bbd47fc00a2c39e90264f33305004495a9","hash":"2bccc8a9fea730d79c4f17faa1992e5d66151f5a"}
,"E:\\Code\\InterviewPrep\\video-dashboard\\src\\components\\SearchBar\\SearchBar.jsx": {"path":"E:\\Code\\InterviewPrep\\video-dashboard\\src\\components\\SearchBar\\SearchBar.jsx","statementMap":{"0":{"start":{"line":4,"column":24},"end":{"line":13,"column":1}},"1":{"start":{"line":15,"column":20},"end":{"line":27,"column":1}},"2":{"start":{"line":29,"column":21},"end":{"line":43,"column":1}},"3":{"start":{"line":45,"column":18},"end":{"line":76,"column":1}},"4":{"start":{"line":46,"column":23},"end":{"line":46,"column":35}},"5":{"start":{"line":48,"column":23},"end":{"line":53,"column":3}},"6":{"start":{"line":49,"column":4},"end":{"line":52,"column":5}},"7":{"start":{"line":50,"column":6},"end":{"line":50,"column":72}},"8":{"start":{"line":51,"column":6},"end":{"line":51,"column":75}},"9":{"start":{"line":55,"column":22},"end":{"line":59,"column":3}},"10":{"start":{"line":56,"column":4},"end":{"line":58,"column":5}},"11":{"start":{"line":57,"column":6},"end":{"line":57,"column":50}},"12":{"start":{"line":61,"column":2},"end":{"line":75,"column":4}}},"fnMap":{"0":{"name":"(anonymous_0)","decl":{"start":{"line":45,"column":18},"end":{"line":45,"column":19}},"loc":{"start":{"line":45,"column":24},"end":{"line":76,"column":1}},"line":45},"1":{"name":"(anonymous_1)","decl":{"start":{"line":48,"column":23},"end":{"line":48,"column":24}},"loc":{"start":{"line":48,"column":29},"end":{"line":53,"column":3}},"line":48},"2":{"name":"(anonymous_2)","decl":{"start":{"line":55,"column":22},"end":{"line":55,"column":23}},"loc":{"start":{"line":55,"column":28},"end":{"line":59,"column":3}},"line":55}},"branchMap":{"0":{"loc":{"start":{"line":49,"column":4},"end":{"line":52,"column":5}},"type":"if","locations":[{"start":{"line":49,"column":4},"end":{"line":52,"column":5}},{"start":{},"end":{}}],"line":49},"1":{"loc":{"start":{"line":56,"column":4},"end":{"line":58,"column":5}},"type":"if","locations":[{"start":{"line":56,"column":4},"end":{"line":58,"column":5}},{"start":{},"end":{}}],"line":56}},"s":{"0":3,"1":3,"2":3,"3":3,"4":11,"5":11,"6":3,"7":2,"8":2,"9":11,"10":2,"11":1,"12":11},"f":{"0":11,"1":3,"2":2},"b":{"0":[2,1],"1":[1,1]},"_coverageSchema":"1a1c01bbd47fc00a2c39e90264f33305004495a9","hash":"4fe2baae8c78b1810168c5c033cf22b39886722c"}
,"E:\\Code\\InterviewPrep\\video-dashboard\\src\\components\\common\\Loader.jsx": {"path":"E:\\Code\\InterviewPrep\\video-dashboard\\src\\components\\common\\Loader.jsx","statementMap":{"0":{"start":{"line":3,"column":24},"end":{"line":40,"column":1}},"1":{"start":{"line":42,"column":15},"end":{"line":50,"column":1}},"2":{"start":{"line":43,"column":4},"end":{"line":49,"column":6}}},"fnMap":{"0":{"name":"(anonymous_0)","decl":{"start":{"line":42,"column":15},"end":{"line":42,"column":16}},"loc":{"start":{"line":42,"column":21},"end":{"line":50,"column":1}},"line":42}},"branchMap":{},"s":{"0":2,"1":2,"2":2},"f":{"0":2},"b":{},"_coverageSchema":"1a1c01bbd47fc00a2c39e90264f33305004495a9","hash":"ca49e950a4bd7161a04a6bd2bef70843df5e4fe4"}
,"E:\\Code\\InterviewPrep\\video-dashboard\\src\\hooks\\useAPI.js": {"path":"E:\\Code\\InterviewPrep\\video-dashboard\\src\\hooks\\useAPI.js","statementMap":{"0":{"start":{"line":5,"column":15},"end":{"line":46,"column":1}},"1":{"start":{"line":6,"column":36},"end":{"line":6,"column":51}},"2":{"start":{"line":7,"column":34},"end":{"line":7,"column":49}},"3":{"start":{"line":8,"column":30},"end":{"line":8,"column":44}},"4":{"start":{"line":10,"column":2},"end":{"line":43,"column":25}},"5":{"start":{"line":11,"column":4},"end":{"line":14,"column":5}},"6":{"start":{"line":12,"column":6},"end":{"line":12,"column":51}},"7":{"start":{"line":13,"column":6},"end":{"line":13,"column":13}},"8":{"start":{"line":16,"column":22},"end":{"line":16,"column":27}},"9":{"start":{"line":17,"column":4},"end":{"line":17,"column":23}},"10":{"start":{"line":18,"column":4},"end":{"line":18,"column":23}},"11":{"start":{"line":20,"column":4},"end":{"line":38,"column":9}},"12":{"start":{"line":22,"column":8},"end":{"line":24,"column":9}},"13":{"start":{"line":23,"column":10},"end":{"line":23,"column":63}},"14":{"start":{"line":25,"column":8},"end":{"line":25,"column":24}},"15":{"start":{"line":28,"column":8},"end":{"line":31,"column":9}},"16":{"start":{"line":29,"column":10},"end":{"line":29,"column":26}},"17":{"start":{"line":30,"column":10},"end":{"line":30,"column":30}},"18":{"start":{"line":34,"column":8},"end":{"line":37,"column":9}},"19":{"start":{"line":35,"column":10},"end":{"line":35,"column":78}},"20":{"start":{"line":36,"column":10},"end":{"line":36,"column":30}},"21":{"start":{"line":40,"column":6},"end":{"line":42,"column":7}},"22":{"start":{"line":41,"column":8},"end":{"line":41,"column":27}},"23":{"start":{"line":45,"column":2},"end":{"line":45,"column":41}}},"fnMap":{"0":{"name":"(anonymous_0)","decl":{"start":{"line":5,"column":15},"end":{"line":5,"column":16}},"loc":{"start":{"line":5,"column":37},"end":{"line":46,"column":1}},"line":5},"1":{"name":"(anonymous_1)","decl":{"start":{"line":10,"column":12},"end":{"line":10,"column":13}},"loc":{"start":{"line":10,"column":18},"end":{"line":43,"column":3}},"line":10},"2":{"name":"(anonymous_2)","decl":{"start":{"line":21,"column":12},"end":{"line":21,"column":13}},"loc":{"start":{"line":21,"column":19},"end":{"line":26,"column":7}},"line":21},"3":{"name":"(anonymous_3)","decl":{"start":{"line":27,"column":12},"end":{"line":27,"column":13}},"loc":{"start":{"line":27,"column":20},"end":{"line":32,"column":7}},"line":27},"4":{"name":"(anonymous_4)","decl":{"start":{"line":33,"column":13},"end":{"line":33,"column":14}},"loc":{"start":{"line":33,"column":20},"end":{"line":38,"column":7}},"line":33},"5":{"name":"(anonymous_5)","decl":{"start":{"line":40,"column":13},"end":{"line":40,"column":14}},"loc":{"start":{"line":40,"column":19},"end":{"line":42,"column":7}},"line":40}},"branchMap":{"0":{"loc":{"start":{"line":11,"column":4},"end":{"line":14,"column":5}},"type":"if","locations":[{"start":{"line":11,"column":4},"end":{"line":14,"column":5}},{"start":{},"end":{}}],"line":11},"1":{"loc":{"start":{"line":11,"column":8},"end":{"line":11,"column":42}},"type":"binary-expr","locations":[{"start":{"line":11,"column":8},"end":{"line":11,"column":17}},{"start":{"line":11,"column":21},"end":{"line":11,"column":42}}],"line":11},"2":{"loc":{"start":{"line":22,"column":8},"end":{"line":24,"column":9}},"type":"if","locations":[{"start":{"line":22,"column":8},"end":{"line":24,"column":9}},{"start":{},"end":{}}],"line":22},"3":{"loc":{"start":{"line":28,"column":8},"end":{"line":31,"column":9}},"type":"if","locations":[{"start":{"line":28,"column":8},"end":{"line":31,"column":9}},{"start":{},"end":{}}],"line":28},"4":{"loc":{"start":{"line":34,"column":8},"end":{"line":37,"column":9}},"type":"if","locations":[{"start":{"line":34,"column":8},"end":{"line":37,"column":9}},{"start":{},"end":{}}],"line":34},"5":{"loc":{"start":{"line":35,"column":22},"end":{"line":35,"column":76}},"type":"binary-expr","locations":[{"start":{"line":35,"column":22},"end":{"line":35,"column":33}},{"start":{"line":35,"column":37},"end":{"line":35,"column":76}}],"line":35}},"s":{"0":1,"1":16,"2":16,"3":16,"4":16,"5":7,"6":2,"7":2,"8":5,"9":5,"10":5,"11":5,"12":5,"13":2,"14":3,"15":3,"16":2,"17":2,"18":2,"19":1,"20":1,"21":5,"22":5,"23":16},"f":{"0":16,"1":7,"2":5,"3":3,"4":2,"5":5},"b":{"0":[2,5],"1":[7,6],"2":[2,3],"3":[2,1],"4":[1,1],"5":[1,0]},"_coverageSchema":"1a1c01bbd47fc00a2c39e90264f33305004495a9","hash":"4e12e94f72de196c27ea23b6b9e4adba8ab9e63a"}
,"E:\\Code\\InterviewPrep\\video-dashboard\\src\\hooks\\useDebounce.js": {"path":"E:\\Code\\InterviewPrep\\video-dashboard\\src\\hooks\\useDebounce.js","statementMap":{"0":{"start":{"line":3,"column":20},"end":{"line":18,"column":1}},"1":{"start":{"line":4,"column":46},"end":{"line":4,"column":56}},"2":{"start":{"line":6,"column":2},"end":{"line":15,"column":21}},"3":{"start":{"line":8,"column":18},"end":{"line":10,"column":11}},"4":{"start":{"line":9,"column":4},"end":{"line":9,"column":29}},"5":{"start":{"line":12,"column":2},"end":{"line":14,"column":3}},"6":{"start":{"line":13,"column":4},"end":{"line":13,"column":26}},"7":{"start":{"line":17,"column":2},"end":{"line":17,"column":24}}},"fnMap":{"0":{"name":"(anonymous_0)","decl":{"start":{"line":3,"column":20},"end":{"line":3,"column":21}},"loc":{"start":{"line":3,"column":38},"end":{"line":18,"column":1}},"line":3},"1":{"name":"(anonymous_1)","decl":{"start":{"line":6,"column":12},"end":{"line":6,"column":13}},"loc":{"start":{"line":6,"column":18},"end":{"line":15,"column":3}},"line":6},"2":{"name":"(anonymous_2)","decl":{"start":{"line":8,"column":29},"end":{"line":8,"column":30}},"loc":{"start":{"line":8,"column":35},"end":{"line":10,"column":3}},"line":8},"3":{"name":"(anonymous_3)","decl":{"start":{"line":12,"column":9},"end":{"line":12,"column":10}},"loc":{"start":{"line":12,"column":15},"end":{"line":14,"column":3}},"line":12}},"branchMap":{},"s":{"0":1,"1":3,"2":3,"3":2,"4":1,"5":2,"6":2,"7":3},"f":{"0":3,"1":2,"2":1,"3":2},"b":{},"_coverageSchema":"1a1c01bbd47fc00a2c39e90264f33305004495a9","hash":"8dd1441da3aea5b2c16cdd18487c57851e2df2ff"}
,"E:\\Code\\InterviewPrep\\video-dashboard\\src\\pages\\Home.jsx": {"path":"E:\\Code\\InterviewPrep\\video-dashboard\\src\\pages\\Home.jsx","statementMap":{"0":{"start":{"line":8,"column":18},"end":{"line":9,"column":1}},"1":{"start":{"line":11,"column":13},"end":{"line":41,"column":1}},"2":{"start":{"line":12,"column":30},"end":{"line":12,"column":42}},"3":{"start":{"line":13,"column":44},"end":{"line":13,"column":58}},"4":{"start":{"line":15,"column":24},"end":{"line":21,"column":22}},"5":{"start":{"line":15,"column":39},"end":{"line":21,"column":3}},"6":{"start":{"line":22,"column":42},"end":{"line":22,"column":88}},"7":{"start":{"line":24,"column":2},"end":{"line":31,"column":14}},"8":{"start":{"line":25,"column":4},"end":{"line":30,"column":5}},"9":{"start":{"line":26,"column":6},"end":{"line":26,"column":30}},"10":{"start":{"line":27,"column":6},"end":{"line":29,"column":8}},"11":{"start":{"line":28,"column":8},"end":{"line":28,"column":77}},"12":{"start":{"line":33,"column":2},"end":{"line":40,"column":4}},"13":{"start":{"line":37,"column":10},"end":{"line":37,"column":76}}},"fnMap":{"0":{"name":"(anonymous_0)","decl":{"start":{"line":11,"column":13},"end":{"line":11,"column":14}},"loc":{"start":{"line":11,"column":19},"end":{"line":41,"column":1}},"line":11},"1":{"name":"(anonymous_1)","decl":{"start":{"line":15,"column":32},"end":{"line":15,"column":33}},"loc":{"start":{"line":15,"column":39},"end":{"line":21,"column":3}},"line":15},"2":{"name":"(anonymous_2)","decl":{"start":{"line":24,"column":12},"end":{"line":24,"column":13}},"loc":{"start":{"line":24,"column":18},"end":{"line":31,"column":3}},"line":24},"3":{"name":"(anonymous_3)","decl":{"start":{"line":27,"column":23},"end":{"line":27,"column":24}},"loc":{"start":{"line":28,"column":8},"end":{"line":28,"column":77}},"line":28},"4":{"name":"(anonymous_4)","decl":{"start":{"line":36,"column":76},"end":{"line":36,"column":77}},"loc":{"start":{"line":36,"column":85},"end":{"line":38,"column":9}},"line":36}},"branchMap":{"0":{"loc":{"start":{"line":25,"column":4},"end":{"line":30,"column":5}},"type":"if","locations":[{"start":{"line":25,"column":4},"end":{"line":30,"column":5}},{"start":{},"end":{}}],"line":25},"1":{"loc":{"start":{"line":28,"column":8},"end":{"line":28,"column":77}},"type":"cond-expr","locations":[{"start":{"line":28,"column":45},"end":{"line":28,"column":54}},{"start":{"line":28,"column":57},"end":{"line":28,"column":77}}],"line":28},"2":{"loc":{"start":{"line":36,"column":9},"end":{"line":38,"column":10}},"type":"cond-expr","locations":[{"start":{"line":36,"column":21},"end":{"line":36,"column":31}},{"start":{"line":36,"column":34},"end":{"line":38,"column":10}}],"line":36},"3":{"loc":{"start":{"line":36,"column":34},"end":{"line":38,"column":10}},"type":"cond-expr","locations":[{"start":{"line":36,"column":45},"end":{"line":36,"column":62}},{"start":{"line":36,"column":65},"end":{"line":38,"column":10}}],"line":36}},"s":{"0":1,"1":1,"2":4,"3":4,"4":4,"5":4,"6":4,"7":4,"8":3,"9":1,"10":1,"11":1,"12":4,"13":3},"f":{"0":4,"1":4,"2":3,"3":1,"4":3},"b":{"0":[1,2],"1":[0,1],"2":[1,3],"3":[1,2]},"_coverageSchema":"1a1c01bbd47fc00a2c39e90264f33305004495a9","hash":"286ee8b670f542bded77419b61105941a7ab9dcf"}
,"E:\\Code\\InterviewPrep\\video-dashboard\\src\\utils\\constants.js": {"path":"E:\\Code\\InterviewPrep\\video-dashboard\\src\\utils\\constants.js","statementMap":{"0":{"start":{"line":3,"column":12},"end":{"line":3,"column":14}},"1":{"start":{"line":5,"column":0},"end":{"line":12,"column":1}},"2":{"start":{"line":6,"column":2},"end":{"line":6,"column":41}},"3":{"start":{"line":6,"column":32},"end":{"line":6,"column":41}},"4":{"start":{"line":8,"column":2},"end":{"line":11,"column":3}},"5":{"start":{"line":9,"column":19},"end":{"line":9,"column":35}},"6":{"start":{"line":10,"column":4},"end":{"line":10,"column":32}},"7":{"start":{"line":16,"column":29},"end":{"line":18,"column":1}},"8":{"start":{"line":20,"column":26},"end":{"line":25,"column":1}},"9":{"start":{"line":21,"column":2},"end":{"line":21,"column":25}},"10":{"start":{"line":21,"column":12},"end":{"line":21,"column":25}},"11":{"start":{"line":23,"column":19},"end":{"line":23,"column":36}},"12":{"start":{"line":24,"column":2},"end":{"line":24,"column":57}},"13":{"start":{"line":27,"column":24},"end":{"line":33,"column":1}},"14":{"start":{"line":35,"column":38},"end":{"line":44,"column":1}}},"fnMap":{"0":{"name":"(anonymous_0)","decl":{"start":{"line":20,"column":26},"end":{"line":20,"column":27}},"loc":{"start":{"line":20,"column":35},"end":{"line":25,"column":1}},"line":20}},"branchMap":{"0":{"loc":{"start":{"line":6,"column":2},"end":{"line":6,"column":41}},"type":"if","locations":[{"start":{"line":6,"column":2},"end":{"line":6,"column":41}},{"start":{},"end":{}}],"line":6},"1":{"loc":{"start":{"line":8,"column":2},"end":{"line":11,"column":3}},"type":"if","locations":[{"start":{"line":8,"column":2},"end":{"line":11,"column":3}},{"start":{},"end":{}}],"line":8},"2":{"loc":{"start":{"line":21,"column":2},"end":{"line":21,"column":25}},"type":"if","locations":[{"start":{"line":21,"column":2},"end":{"line":21,"column":25}},{"start":{},"end":{}}],"line":21}},"s":{"0":3,"1":3,"2":18,"3":3,"4":15,"5":15,"6":15,"7":3,"8":3,"9":12,"10":2,"11":10,"12":10,"13":3,"14":3},"f":{"0":12},"b":{"0":[3,15],"1":[15,0],"2":[2,10]},"_coverageSchema":"1a1c01bbd47fc00a2c39e90264f33305004495a9","hash":"e7bcb3b50b0d362e1c06b1a7431320167a2d8a27"}
}
