{"E:\\Code\\InterviewPrep\\video-dashboard\\src\\components\\Header\\Header.jsx": {"path":"E:\\Code\\InterviewPrep\\video-dashboard\\src\\components\\Header\\Header.jsx","statementMap":{"0":{"start":{"line":4,"column":24},"end":{"line":12,"column":1}},"1":{"start":{"line":14,"column":15},"end":{"line":20,"column":1}},"2":{"start":{"line":15,"column":2},"end":{"line":19,"column":4}}},"fnMap":{"0":{"name":"(anonymous_0)","decl":{"start":{"line":14,"column":15},"end":{"line":14,"column":16}},"loc":{"start":{"line":14,"column":21},"end":{"line":20,"column":1}},"line":14}},"branchMap":{},"s":{"0":2,"1":2,"2":2},"f":{"0":2},"b":{},"_coverageSchema":"1a1c01bbd47fc00a2c39e90264f33305004495a9","hash":"2bccc8a9fea730d79c4f17faa1992e5d66151f5a"}
,"E:\\Code\\InterviewPrep\\video-dashboard\\src\\components\\SearchBar\\SearchBar.jsx": {"path":"E:\\Code\\InterviewPrep\\video-dashboard\\src\\components\\SearchBar\\SearchBar.jsx","statementMap":{"0":{"start":{"line":4,"column":24},"end":{"line":13,"column":1}},"1":{"start":{"line":15,"column":20},"end":{"line":27,"column":1}},"2":{"start":{"line":29,"column":21},"end":{"line":43,"column":1}},"3":{"start":{"line":45,"column":18},"end":{"line":76,"column":1}},"4":{"start":{"line":46,"column":23},"end":{"line":46,"column":35}},"5":{"start":{"line":48,"column":23},"end":{"line":53,"column":3}},"6":{"start":{"line":49,"column":4},"end":{"line":52,"column":5}},"7":{"start":{"line":50,"column":6},"end":{"line":50,"column":72}},"8":{"start":{"line":51,"column":6},"end":{"line":51,"column":75}},"9":{"start":{"line":55,"column":22},"end":{"line":59,"column":3}},"10":{"start":{"line":56,"column":4},"end":{"line":58,"column":5}},"11":{"start":{"line":57,"column":6},"end":{"line":57,"column":50}},"12":{"start":{"line":61,"column":2},"end":{"line":75,"column":4}}},"fnMap":{"0":{"name":"(anonymous_0)","decl":{"start":{"line":45,"column":18},"end":{"line":45,"column":19}},"loc":{"start":{"line":45,"column":24},"end":{"line":76,"column":1}},"line":45},"1":{"name":"(anonymous_1)","decl":{"start":{"line":48,"column":23},"end":{"line":48,"column":24}},"loc":{"start":{"line":48,"column":29},"end":{"line":53,"column":3}},"line":48},"2":{"name":"(anonymous_2)","decl":{"start":{"line":55,"column":22},"end":{"line":55,"column":23}},"loc":{"start":{"line":55,"column":28},"end":{"line":59,"column":3}},"line":55}},"branchMap":{"0":{"loc":{"start":{"line":49,"column":4},"end":{"line":52,"column":5}},"type":"if","locations":[{"start":{"line":49,"column":4},"end":{"line":52,"column":5}},{"start":{},"end":{}}],"line":49},"1":{"loc":{"start":{"line":56,"column":4},"end":{"line":58,"column":5}},"type":"if","locations":[{"start":{"line":56,"column":4},"end":{"line":58,"column":5}},{"start":{},"end":{}}],"line":56}},"s":{"0":3,"1":3,"2":3,"3":3,"4":8,"5":8,"6":3,"7":2,"8":2,"9":8,"10":2,"11":1,"12":8},"f":{"0":8,"1":3,"2":2},"b":{"0":[2,1],"1":[1,1]},"_coverageSchema":"1a1c01bbd47fc00a2c39e90264f33305004495a9","hash":"4fe2baae8c78b1810168c5c033cf22b39886722c"}
,"E:\\Code\\InterviewPrep\\video-dashboard\\src\\components\\common\\Loader.jsx": {"path":"E:\\Code\\InterviewPrep\\video-dashboard\\src\\components\\common\\Loader.jsx","statementMap":{"0":{"start":{"line":3,"column":24},"end":{"line":40,"column":1}},"1":{"start":{"line":42,"column":15},"end":{"line":50,"column":1}},"2":{"start":{"line":43,"column":4},"end":{"line":49,"column":6}}},"fnMap":{"0":{"name":"(anonymous_0)","decl":{"start":{"line":42,"column":15},"end":{"line":42,"column":16}},"loc":{"start":{"line":42,"column":21},"end":{"line":50,"column":1}},"line":42}},"branchMap":{},"s":{"0":1,"1":1,"2":1},"f":{"0":1},"b":{},"_coverageSchema":"1a1c01bbd47fc00a2c39e90264f33305004495a9","hash":"ca49e950a4bd7161a04a6bd2bef70843df5e4fe4"}
,"E:\\Code\\InterviewPrep\\video-dashboard\\src\\hooks\\useDebounce.js": {"path":"E:\\Code\\InterviewPrep\\video-dashboard\\src\\hooks\\useDebounce.js","statementMap":{"0":{"start":{"line":3,"column":20},"end":{"line":18,"column":1}},"1":{"start":{"line":4,"column":46},"end":{"line":4,"column":56}},"2":{"start":{"line":6,"column":2},"end":{"line":15,"column":21}},"3":{"start":{"line":8,"column":18},"end":{"line":10,"column":11}},"4":{"start":{"line":9,"column":4},"end":{"line":9,"column":29}},"5":{"start":{"line":12,"column":2},"end":{"line":14,"column":3}},"6":{"start":{"line":13,"column":4},"end":{"line":13,"column":26}},"7":{"start":{"line":17,"column":2},"end":{"line":17,"column":24}}},"fnMap":{"0":{"name":"(anonymous_0)","decl":{"start":{"line":3,"column":20},"end":{"line":3,"column":21}},"loc":{"start":{"line":3,"column":38},"end":{"line":18,"column":1}},"line":3},"1":{"name":"(anonymous_1)","decl":{"start":{"line":6,"column":12},"end":{"line":6,"column":13}},"loc":{"start":{"line":6,"column":18},"end":{"line":15,"column":3}},"line":6},"2":{"name":"(anonymous_2)","decl":{"start":{"line":8,"column":29},"end":{"line":8,"column":30}},"loc":{"start":{"line":8,"column":35},"end":{"line":10,"column":3}},"line":8},"3":{"name":"(anonymous_3)","decl":{"start":{"line":12,"column":9},"end":{"line":12,"column":10}},"loc":{"start":{"line":12,"column":15},"end":{"line":14,"column":3}},"line":12}},"branchMap":{},"s":{"0":1,"1":3,"2":3,"3":2,"4":1,"5":2,"6":2,"7":3},"f":{"0":3,"1":2,"2":1,"3":2},"b":{},"_coverageSchema":"1a1c01bbd47fc00a2c39e90264f33305004495a9","hash":"8dd1441da3aea5b2c16cdd18487c57851e2df2ff"}
,"E:\\Code\\InterviewPrep\\video-dashboard\\src\\pages\\Home.jsx": {"path":"E:\\Code\\InterviewPrep\\video-dashboard\\src\\pages\\Home.jsx","statementMap":{"0":{"start":{"line":6,"column":18},"end":{"line":7,"column":1}},"1":{"start":{"line":9,"column":13},"end":{"line":35,"column":1}},"2":{"start":{"line":10,"column":30},"end":{"line":10,"column":42}},"3":{"start":{"line":11,"column":44},"end":{"line":11,"column":58}},"4":{"start":{"line":13,"column":2},"end":{"line":28,"column":9}},"5":{"start":{"line":15,"column":21},"end":{"line":15,"column":58}},"6":{"start":{"line":17,"column":6},"end":{"line":17,"column":62}},"7":{"start":{"line":17,"column":55},"end":{"line":17,"column":62}},"8":{"start":{"line":19,"column":6},"end":{"line":19,"column":35}},"9":{"start":{"line":22,"column":4},"end":{"line":22,"column":16}},"10":{"start":{"line":24,"column":4},"end":{"line":27,"column":5}},"11":{"start":{"line":25,"column":6},"end":{"line":25,"column":20}},"12":{"start":{"line":26,"column":6},"end":{"line":26,"column":29}},"13":{"start":{"line":30,"column":2},"end":{"line":34,"column":4}}},"fnMap":{"0":{"name":"(anonymous_0)","decl":{"start":{"line":9,"column":13},"end":{"line":9,"column":14}},"loc":{"start":{"line":9,"column":19},"end":{"line":35,"column":1}},"line":9},"1":{"name":"(anonymous_1)","decl":{"start":{"line":13,"column":12},"end":{"line":13,"column":13}},"loc":{"start":{"line":13,"column":18},"end":{"line":28,"column":3}},"line":13},"2":{"name":"fetchData","decl":{"start":{"line":14,"column":19},"end":{"line":14,"column":28}},"loc":{"start":{"line":14,"column":31},"end":{"line":20,"column":5}},"line":14},"3":{"name":"(anonymous_3)","decl":{"start":{"line":24,"column":11},"end":{"line":24,"column":12}},"loc":{"start":{"line":24,"column":17},"end":{"line":27,"column":5}},"line":24}},"branchMap":{"0":{"loc":{"start":{"line":17,"column":6},"end":{"line":17,"column":62}},"type":"if","locations":[{"start":{"line":17,"column":6},"end":{"line":17,"column":62}},{"start":{},"end":{}}],"line":17}},"s":{"0":1,"1":1,"2":1,"3":1,"4":1,"5":1,"6":1,"7":1,"8":0,"9":1,"10":1,"11":1,"12":1,"13":1},"f":{"0":1,"1":1,"2":1,"3":1},"b":{"0":[1,0]},"_coverageSchema":"1a1c01bbd47fc00a2c39e90264f33305004495a9","hash":"b4f7a4eba6d63d34dc3cc0066f645e0967c2f03c"}
,"E:\\Code\\InterviewPrep\\video-dashboard\\src\\utils\\api.js": {"path":"E:\\Code\\InterviewPrep\\video-dashboard\\src\\utils\\api.js","statementMap":{"0":{"start":{"line":4,"column":32},"end":{"line":14,"column":1}},"1":{"start":{"line":5,"column":2},"end":{"line":5,"column":69}},"2":{"start":{"line":5,"column":17},"end":{"line":5,"column":69}},"3":{"start":{"line":7,"column":2},"end":{"line":13,"column":3}},"4":{"start":{"line":8,"column":21},"end":{"line":8,"column":107}},"5":{"start":{"line":10,"column":4},"end":{"line":10,"column":20}},"6":{"start":{"line":12,"column":4},"end":{"line":12,"column":23}}},"fnMap":{"0":{"name":"(anonymous_0)","decl":{"start":{"line":4,"column":32},"end":{"line":4,"column":33}},"loc":{"start":{"line":4,"column":60},"end":{"line":14,"column":1}},"line":4}},"branchMap":{"0":{"loc":{"start":{"line":4,"column":39},"end":{"line":4,"column":55}},"type":"default-arg","locations":[{"start":{"line":4,"column":51},"end":{"line":4,"column":55}}],"line":4},"1":{"loc":{"start":{"line":5,"column":2},"end":{"line":5,"column":69}},"type":"if","locations":[{"start":{"line":5,"column":2},"end":{"line":5,"column":69}},{"start":{},"end":{}}],"line":5}},"s":{"0":2,"1":4,"2":1,"3":4,"4":4,"5":3,"6":1},"f":{"0":4},"b":{"0":[3],"1":[1,3]},"_coverageSchema":"1a1c01bbd47fc00a2c39e90264f33305004495a9","hash":"5c46baa6ab465590660bce917f4a16081340d589"}
,"E:\\Code\\InterviewPrep\\video-dashboard\\src\\utils\\constants.js": {"path":"E:\\Code\\InterviewPrep\\video-dashboard\\src\\utils\\constants.js","statementMap":{"0":{"start":{"line":3,"column":12},"end":{"line":3,"column":14}},"1":{"start":{"line":5,"column":0},"end":{"line":12,"column":1}},"2":{"start":{"line":6,"column":2},"end":{"line":6,"column":41}},"3":{"start":{"line":6,"column":32},"end":{"line":6,"column":41}},"4":{"start":{"line":8,"column":2},"end":{"line":11,"column":3}},"5":{"start":{"line":9,"column":19},"end":{"line":9,"column":35}},"6":{"start":{"line":10,"column":4},"end":{"line":10,"column":32}},"7":{"start":{"line":16,"column":24},"end":{"line":22,"column":1}},"8":{"start":{"line":24,"column":38},"end":{"line":33,"column":1}}},"fnMap":{},"branchMap":{"0":{"loc":{"start":{"line":6,"column":2},"end":{"line":6,"column":41}},"type":"if","locations":[{"start":{"line":6,"column":2},"end":{"line":6,"column":41}},{"start":{},"end":{}}],"line":6},"1":{"loc":{"start":{"line":8,"column":2},"end":{"line":11,"column":3}},"type":"if","locations":[{"start":{"line":8,"column":2},"end":{"line":11,"column":3}},{"start":{},"end":{}}],"line":8}},"s":{"0":3,"1":3,"2":18,"3":3,"4":15,"5":15,"6":15,"7":3,"8":3},"f":{},"b":{"0":[3,15],"1":[15,0]},"_coverageSchema":"1a1c01bbd47fc00a2c39e90264f33305004495a9","hash":"c72ef5f0a53510f793574f68205b2c2885c9b511"}
}
