TN:
SF:src\components\Header\Header.jsx
FN:14,(anonymous_0)
FNF:1
FNH:1
FNDA:2,(anonymous_0)
DA:4,2
DA:14,2
DA:15,2
LF:3
LH:3
BRF:0
BRH:0
end_of_record
TN:
SF:src\components\SearchBar\SearchBar.jsx
FN:45,(anonymous_0)
FN:48,(anonymous_1)
FN:55,(anonymous_2)
FNF:3
FNH:3
FNDA:8,(anonymous_0)
FNDA:3,(anonymous_1)
FNDA:2,(anonymous_2)
DA:4,3
DA:15,3
DA:29,3
DA:45,3
DA:46,8
DA:48,8
DA:49,3
DA:50,2
DA:51,2
DA:55,8
DA:56,2
DA:57,1
DA:61,8
LF:13
LH:13
BRDA:49,0,0,2
BRDA:49,0,1,1
BRDA:56,1,0,1
BRDA:56,1,1,1
BRF:4
BRH:4
end_of_record
TN:
SF:src\components\common\Loader.jsx
FN:42,(anonymous_0)
FNF:1
FNH:1
FNDA:1,(anonymous_0)
DA:3,1
DA:42,1
DA:43,1
LF:3
LH:3
BRF:0
BRH:0
end_of_record
TN:
SF:src\hooks\useDebounce.js
FN:3,(anonymous_0)
FN:6,(anonymous_1)
FN:8,(anonymous_2)
FN:12,(anonymous_3)
FNF:4
FNH:4
FNDA:3,(anonymous_0)
FNDA:2,(anonymous_1)
FNDA:1,(anonymous_2)
FNDA:2,(anonymous_3)
DA:3,1
DA:4,3
DA:6,3
DA:8,2
DA:9,1
DA:12,2
DA:13,2
DA:17,3
LF:8
LH:8
BRF:0
BRH:0
end_of_record
TN:
SF:src\pages\Home.jsx
FN:9,(anonymous_0)
FN:13,(anonymous_1)
FN:14,fetchData
FN:24,(anonymous_3)
FNF:4
FNH:4
FNDA:1,(anonymous_0)
FNDA:1,(anonymous_1)
FNDA:1,fetchData
FNDA:1,(anonymous_3)
DA:6,1
DA:9,1
DA:10,1
DA:11,1
DA:13,1
DA:15,1
DA:17,1
DA:19,0
DA:22,1
DA:24,1
DA:25,1
DA:26,1
DA:30,1
LF:13
LH:12
BRDA:17,0,0,1
BRDA:17,0,1,0
BRF:2
BRH:1
end_of_record
TN:
SF:src\utils\api.js
FN:4,(anonymous_0)
FNF:1
FNH:1
FNDA:4,(anonymous_0)
DA:4,2
DA:5,4
DA:7,4
DA:8,4
DA:10,3
DA:12,1
LF:6
LH:6
BRDA:4,0,0,3
BRDA:5,1,0,1
BRDA:5,1,1,3
BRF:3
BRH:3
end_of_record
TN:
SF:src\utils\constants.js
FNF:0
FNH:0
DA:3,3
DA:5,3
DA:6,18
DA:8,15
DA:9,15
DA:10,15
DA:16,3
DA:24,3
LF:8
LH:8
BRDA:6,0,0,3
BRDA:6,0,1,15
BRDA:8,1,0,15
BRDA:8,1,1,0
BRF:4
BRH:3
end_of_record
