TN:
SF:src\components\Header\Header.jsx
FN:17,(anonymous_0)
FNF:1
FNH:1
FNDA:1,(anonymous_0)
DA:4,1
DA:17,1
DA:18,1
LF:3
LH:3
BRF:0
BRH:0
end_of_record
TN:
SF:src\components\SearchBar\SearchBar.jsx
FN:45,(anonymous_0)
FN:48,(anonymous_1)
FN:55,(anonymous_2)
FNF:3
FNH:3
FNDA:7,(anonymous_0)
FNDA:3,(anonymous_1)
FNDA:2,(anonymous_2)
DA:4,2
DA:15,2
DA:29,2
DA:45,2
DA:46,7
DA:48,7
DA:49,3
DA:50,2
DA:51,2
DA:55,7
DA:56,2
DA:57,1
DA:61,7
LF:13
LH:13
BRDA:49,0,0,2
BRDA:49,0,1,1
BRDA:56,1,0,1
BRDA:56,1,1,1
BRF:4
BRH:4
end_of_record
TN:
SF:src\components\common\Loader.jsx
FN:42,(anonymous_0)
FNF:1
FNH:1
FNDA:2,(anonymous_0)
DA:3,2
DA:42,2
DA:43,2
LF:3
LH:3
BRF:0
BRH:0
end_of_record
TN:
SF:src\hooks\useAPI.js
FN:5,(anonymous_0)
FN:10,(anonymous_1)
FN:21,(anonymous_2)
FN:27,(anonymous_3)
FN:33,(anonymous_4)
FN:40,(anonymous_5)
FNF:6
FNH:6
FNDA:16,(anonymous_0)
FNDA:7,(anonymous_1)
FNDA:5,(anonymous_2)
FNDA:3,(anonymous_3)
FNDA:2,(anonymous_4)
FNDA:5,(anonymous_5)
DA:5,1
DA:6,16
DA:7,16
DA:8,16
DA:10,16
DA:11,7
DA:12,2
DA:13,2
DA:16,5
DA:17,5
DA:18,5
DA:20,5
DA:22,5
DA:23,2
DA:25,3
DA:28,3
DA:29,2
DA:30,2
DA:34,2
DA:35,1
DA:36,1
DA:40,5
DA:41,5
DA:45,16
LF:24
LH:24
BRDA:11,0,0,2
BRDA:11,0,1,5
BRDA:11,1,0,7
BRDA:11,1,1,6
BRDA:22,2,0,2
BRDA:22,2,1,3
BRDA:28,3,0,2
BRDA:28,3,1,1
BRDA:34,4,0,1
BRDA:34,4,1,1
BRDA:35,5,0,1
BRDA:35,5,1,0
BRF:12
BRH:11
end_of_record
TN:
SF:src\hooks\useDebounce.js
FN:3,(anonymous_0)
FN:6,(anonymous_1)
FN:8,(anonymous_2)
FN:12,(anonymous_3)
FNF:4
FNH:4
FNDA:3,(anonymous_0)
FNDA:2,(anonymous_1)
FNDA:1,(anonymous_2)
FNDA:2,(anonymous_3)
DA:3,1
DA:4,3
DA:6,3
DA:8,2
DA:9,1
DA:12,2
DA:13,2
DA:17,3
LF:8
LH:8
BRF:0
BRH:0
end_of_record
TN:
SF:src\hooks\useScrollBottom.js
FN:3,useScrollBottom
FN:6,(anonymous_1)
FN:7,(anonymous_2)
FN:20,(anonymous_3)
FNF:4
FNH:4
FNDA:15,useScrollBottom
FNDA:8,(anonymous_1)
FNDA:4,(anonymous_2)
FNDA:8,(anonymous_3)
DA:4,15
DA:6,15
DA:7,8
DA:8,4
DA:9,4
DA:10,4
DA:12,4
DA:13,3
DA:15,1
DA:19,8
DA:20,8
DA:23,15
LF:12
LH:12
BRDA:3,0,0,4
BRDA:12,1,0,3
BRDA:12,1,1,1
BRF:3
BRH:3
end_of_record
TN:
SF:src\pages\Home.jsx
FN:13,(anonymous_0)
FN:20,(anonymous_1)
FN:23,(anonymous_2)
FN:29,(anonymous_3)
FN:31,(anonymous_4)
FN:44,(anonymous_5)
FNF:6
FNH:6
FNDA:9,(anonymous_0)
FNDA:5,(anonymous_1)
FNDA:3,(anonymous_2)
FNDA:8,(anonymous_3)
FNDA:2,(anonymous_4)
FNDA:21,(anonymous_5)
DA:8,1
DA:13,1
DA:14,9
DA:15,9
DA:16,9
DA:17,9
DA:18,9
DA:20,9
DA:21,5
DA:22,3
DA:23,3
DA:24,3
DA:29,9
DA:30,8
DA:31,2
DA:41,9
DA:45,21
LF:17
LH:17
BRDA:21,0,0,3
BRDA:21,0,1,2
BRDA:24,1,0,1
BRDA:24,1,1,2
BRDA:30,2,0,2
BRDA:30,2,1,6
BRDA:44,3,0,9
BRDA:44,3,1,5
BRDA:48,4,0,9
BRDA:48,4,1,1
BRDA:49,5,0,9
BRDA:49,5,1,1
BRF:12
BRH:12
end_of_record
TN:
SF:src\utils\constants.js
FN:20,(anonymous_0)
FNF:1
FNH:1
FNDA:12,(anonymous_0)
DA:3,3
DA:5,3
DA:6,18
DA:8,15
DA:9,15
DA:10,15
DA:16,3
DA:20,3
DA:21,12
DA:23,10
DA:24,10
DA:27,3
DA:35,3
LF:13
LH:13
BRDA:6,0,0,3
BRDA:6,0,1,15
BRDA:8,1,0,15
BRDA:8,1,1,0
BRDA:21,2,0,2
BRDA:21,2,1,10
BRF:6
BRH:5
end_of_record
